May-13 22:43:13.662 [main] DEBUG nextflow.cli.Launcher - $> nextflow run nextflow/meg_anat_pipeline_for_docker.nf --steps meg_all -resume
May-13 22:43:13.766 [main] DEBUG nextflow.cli.CmdRun - N E X T F L O W  ~  version 24.10.3
May-13 22:43:13.787 [main] DEBUG nextflow.plugin.PluginsFacade - Setting up plugin manager > mode=prod; embedded=false; plugins-dir=/home/liaopan/.nextflow/plugins; core-plugins: nf-amazon@2.9.2,nf-azure@1.10.2,nf-cloudcache@0.4.2,nf-codecommit@0.2.2,nf-console@1.1.4,nf-google@1.15.3,nf-tower@1.9.3,nf-wave@1.7.4
May-13 22:43:13.812 [main] INFO  o.pf4j.DefaultPluginStatusProvider - Enabled plugins: []
May-13 22:43:13.813 [main] INFO  o.pf4j.DefaultPluginStatusProvider - Disabled plugins: []
May-13 22:43:13.817 [main] INFO  org.pf4j.DefaultPluginManager - PF4J version 3.12.0 in 'deployment' mode
May-13 22:43:13.884 [main] INFO  org.pf4j.AbstractPluginManager - No plugins
May-13 22:43:13.909 [main] DEBUG nextflow.config.ConfigBuilder - Found config base: /data/liaopan/megprep/nextflow/nextflow.config
May-13 22:43:13.913 [main] DEBUG nextflow.config.ConfigBuilder - Parsing config file: /data/liaopan/megprep/nextflow/nextflow.config
May-13 22:43:13.941 [main] DEBUG n.secret.LocalSecretsProvider - Secrets store: /home/liaopan/.nextflow/secrets/store.json
May-13 22:43:13.944 [main] DEBUG nextflow.secret.SecretsLoader - Discovered secrets providers: [nextflow.secret.LocalSecretsProvider@19f21b6b] - activable => nextflow.secret.LocalSecretsProvider@19f21b6b
May-13 22:43:13.958 [main] DEBUG nextflow.config.ConfigBuilder - Applying config profile: `standard`
May-13 22:43:14.538 [main] DEBUG nextflow.cli.CmdRun - Applied DSL=2 from script declaration
May-13 22:43:14.579 [main] DEBUG nextflow.cli.CmdRun - Launching `nextflow/meg_anat_pipeline_for_docker.nf` [pensive_hoover] DSL2 - revision: 87b95baca7
May-13 22:43:14.581 [main] DEBUG nextflow.plugin.PluginsFacade - Plugins default=[]
May-13 22:43:14.581 [main] DEBUG nextflow.plugin.PluginsFacade - Plugins resolved requirement=[]
May-13 22:43:14.638 [main] DEBUG nextflow.Session - Session UUID: de37a671-c456-4dcb-845c-6a87bd65d449
May-13 22:43:14.638 [main] DEBUG nextflow.Session - Run name: pensive_hoover
May-13 22:43:14.639 [main] DEBUG nextflow.Session - Executor pool size: 80
May-13 22:43:14.648 [main] DEBUG nextflow.file.FilePorter - File porter settings maxRetries=3; maxTransfers=50; pollTimeout=null
May-13 22:43:14.656 [main] DEBUG nextflow.util.ThreadPoolBuilder - Creating thread pool 'FileTransfer' minSize=10; maxSize=240; workQueue=LinkedBlockingQueue[10000]; allowCoreThreadTimeout=false
May-13 22:43:14.680 [main] DEBUG nextflow.cli.CmdRun - 
  Version: 24.10.3 build 5933
  Created: 16-12-2024 15:34 UTC (23:34 CDT)
  System: Linux 3.10.0-1160.119.1.el7.x86_64
  Runtime: Groovy 4.0.23 on OpenJDK 64-Bit Server VM 17.0.10+7
  Encoding: UTF-8 (UTF-8)
  Process: 247264@localhost.localdomain [127.0.0.1]
  CPUs: 80 - Mem: 251.3 GB (36.4 GB) - Swap: 4 GB (4 KB)
May-13 22:43:14.718 [main] DEBUG nextflow.Session - Work-dir: /data/liaopan/datasets/SMN4Lang_single2/test_nx/work [xfs]
May-13 22:43:14.720 [main] DEBUG nextflow.Session - Script base path does not exist or is not a directory: /data/liaopan/megprep/nextflow/bin
May-13 22:43:14.754 [main] DEBUG nextflow.executor.ExecutorFactory - Extension executors providers=[]
May-13 22:43:14.778 [main] DEBUG nextflow.Session - Observer factory: DefaultObserverFactory
May-13 22:43:14.830 [main] DEBUG nextflow.cache.CacheFactory - Using Nextflow cache factory: nextflow.cache.DefaultCacheFactory
May-13 22:43:14.846 [main] DEBUG nextflow.util.CustomThreadPool - Creating default thread pool > poolSize: 81; maxThreads: 1000
May-13 22:43:15.004 [main] DEBUG nextflow.Session - Session start
May-13 22:43:17.899 [main] DEBUG nextflow.script.ScriptRunner - > Launching execution
May-13 22:43:17.912 [main] INFO  nextflow.Nextflow - MEGPrep Anatomy and MEG Preprocessing Pipeline
May-13 22:43:17.913 [main] INFO  nextflow.Nextflow - =============================
May-13 22:43:17.913 [main] INFO  nextflow.Nextflow - 
May-13 22:43:17.914 [main] INFO  nextflow.Nextflow - Start time: 2026-05-13T22:43:14.798256623+08:00
May-13 22:43:17.915 [main] INFO  nextflow.Nextflow - 
May-13 22:43:17.966 [main] INFO  nextflow.Nextflow - Pipeline steps: primary=meg_all, megStage=3, runAnatomy=false, runMeg=true, skipIca=false
May-13 22:43:18.014 [main] INFO  nextflow.Nextflow - nextflow.config snapshot: /data/liaopan/megprep/nextflow/nextflow.config -> /data/liaopan/datasets/SMN4Lang_single2/preprocessed/logs/nextflow.config
May-13 22:43:18.082 [main] DEBUG nextflow.executor.ExecutorFactory - << taskConfig executor: null
May-13 22:43:18.083 [main] DEBUG nextflow.executor.ExecutorFactory - >> processorType: 'local'
May-13 22:43:18.088 [main] DEBUG nextflow.executor.Executor - [warm up] executor > local
May-13 22:43:18.096 [main] DEBUG n.processor.LocalPollingMonitor - Creating local task monitor for executor 'local' > cpus=80; memory=251.3 GB; capacity=80; pollInterval=100ms; dumpInterval=5m
May-13 22:43:18.099 [main] DEBUG n.processor.TaskPollingMonitor - >>> barrier register (monitor: local)
May-13 22:43:18.234 [main] DEBUG nextflow.executor.ExecutorFactory - << taskConfig executor: null
May-13 22:43:18.234 [main] DEBUG nextflow.executor.ExecutorFactory - >> processorType: 'local'
May-13 22:43:18.247 [main] DEBUG nextflow.executor.ExecutorFactory - << taskConfig executor: null
May-13 22:43:18.248 [main] DEBUG nextflow.executor.ExecutorFactory - >> processorType: 'local'
May-13 22:43:18.261 [main] DEBUG nextflow.executor.ExecutorFactory - << taskConfig executor: null
May-13 22:43:18.261 [main] DEBUG nextflow.executor.ExecutorFactory - >> processorType: 'local'
May-13 22:43:18.273 [main] DEBUG nextflow.executor.ExecutorFactory - << taskConfig executor: null
May-13 22:43:18.274 [main] DEBUG nextflow.executor.ExecutorFactory - >> processorType: 'local'
May-13 22:43:18.291 [main] DEBUG nextflow.executor.ExecutorFactory - << taskConfig executor: null
May-13 22:43:18.291 [main] DEBUG nextflow.executor.ExecutorFactory - >> processorType: 'local'
May-13 22:43:18.311 [main] DEBUG nextflow.executor.ExecutorFactory - << taskConfig executor: null
May-13 22:43:18.311 [main] DEBUG nextflow.executor.ExecutorFactory - >> processorType: 'local'
May-13 22:43:18.322 [main] DEBUG nextflow.executor.ExecutorFactory - << taskConfig executor: null
May-13 22:43:18.322 [main] DEBUG nextflow.executor.ExecutorFactory - >> processorType: 'local'
May-13 22:43:18.327 [main] INFO  nextflow.script.BaseScript - fs_anatomy_output.mri_subject_id is not set.
May-13 22:43:18.334 [main] DEBUG nextflow.executor.ExecutorFactory - << taskConfig executor: null
May-13 22:43:18.334 [main] DEBUG nextflow.executor.ExecutorFactory - >> processorType: 'local'
May-13 22:43:18.359 [main] DEBUG nextflow.executor.ExecutorFactory - << taskConfig executor: null
May-13 22:43:18.359 [main] DEBUG nextflow.executor.ExecutorFactory - >> processorType: 'local'
May-13 22:43:18.371 [main] DEBUG nextflow.executor.ExecutorFactory - << taskConfig executor: null
May-13 22:43:18.371 [main] DEBUG nextflow.executor.ExecutorFactory - >> processorType: 'local'
May-13 22:43:18.379 [main] DEBUG nextflow.executor.ExecutorFactory - << taskConfig executor: null
May-13 22:43:18.380 [main] DEBUG nextflow.executor.ExecutorFactory - >> processorType: 'local'
May-13 22:43:18.384 [main] DEBUG nextflow.Session - Workflow process names [dsl2]: forward_solution, run_freesurfer, detect_Artifacts, run_IC_label, run_mkheadsurf, generate_static_html_report, compute_covariance, source_imaging, generate_bem, coregistrations, run_ICA, run_deepprep, meg_preproc_osl, import_MRI_dataset, apply_ICA, read_nifti_files, dcm2niix, compute_covariances, epochs, coregistration, import_MEG_dataset
May-13 22:43:18.384 [main] DEBUG nextflow.Session - Igniting dataflow network (13)
May-13 22:43:18.384 [main] DEBUG nextflow.processor.TaskProcessor - Starting process > import_MEG_dataset
May-13 22:43:18.385 [main] DEBUG nextflow.processor.TaskProcessor - Starting process > meg_preproc_osl
May-13 22:43:18.385 [main] DEBUG nextflow.processor.TaskProcessor - Starting process > detect_Artifacts
May-13 22:43:18.385 [main] DEBUG nextflow.processor.TaskProcessor - Starting process > run_ICA
May-13 22:43:18.385 [main] DEBUG nextflow.processor.TaskProcessor - Starting process > run_IC_label
May-13 22:43:18.385 [main] DEBUG nextflow.processor.TaskProcessor - Starting process > apply_ICA
May-13 22:43:18.386 [main] DEBUG nextflow.processor.TaskProcessor - Starting process > epochs
May-13 22:43:18.403 [main] DEBUG nextflow.processor.TaskProcessor - Starting process > compute_covariances
May-13 22:43:18.404 [main] DEBUG nextflow.processor.TaskProcessor - Starting process > coregistrations
May-13 22:43:18.404 [main] DEBUG nextflow.processor.TaskProcessor - Starting process > forward_solution
May-13 22:43:18.405 [main] DEBUG nextflow.processor.TaskProcessor - Starting process > source_imaging
May-13 22:43:18.405 [main] DEBUG nextflow.processor.TaskProcessor - Starting process > generate_static_html_report
May-13 22:43:18.406 [main] DEBUG nextflow.script.ScriptRunner - Parsed script files:
  Script_7d2d45ddd462dba6: /data/liaopan/megprep/nextflow/meg_anat_pipeline_for_docker.nf
May-13 22:43:18.406 [main] DEBUG nextflow.script.ScriptRunner - > Awaiting termination 
May-13 22:43:18.406 [main] DEBUG nextflow.Session - Session await
May-13 22:43:18.570 [Task submitter] DEBUG n.executor.local.LocalTaskHandler - Launch cmd line: /bin/bash -ue .command.run
May-13 22:43:18.572 [Task submitter] INFO  nextflow.Session - [34/2b9431] Submitted process > import_MEG_dataset
May-13 22:43:20.060 [Task monitor] DEBUG n.processor.TaskPollingMonitor - Task completed > TaskHandler[id: 1; name: import_MEG_dataset; status: COMPLETED; exit: 0; error: -; workDir: /data/liaopan/datasets/SMN4Lang_single2/test_nx/work/34/2b94315b6f32e3c0e337999536b6a0]
May-13 22:43:20.063 [Task monitor] DEBUG nextflow.util.ThreadPoolBuilder - Creating thread pool 'TaskFinalizer' minSize=10; maxSize=240; workQueue=LinkedBlockingQueue[10000]; allowCoreThreadTimeout=false
May-13 22:43:20.150 [Task submitter] DEBUG n.executor.local.LocalTaskHandler - Launch cmd line: /bin/bash -ue .command.run
May-13 22:43:20.151 [Task submitter] INFO  nextflow.Session - [ce/5ac356] Submitted process > meg_preproc_osl (sub-01_task-RDR_run-2_meg)
May-13 22:43:20.157 [Task submitter] DEBUG n.executor.local.LocalTaskHandler - Launch cmd line: /bin/bash -ue .command.run
May-13 22:43:20.158 [Task submitter] INFO  nextflow.Session - [c1/e2bfa3] Submitted process > meg_preproc_osl (sub-01_task-RDR_run-1_meg)
May-13 22:43:58.554 [Task monitor] DEBUG n.processor.TaskPollingMonitor - Task completed > TaskHandler[id: 3; name: meg_preproc_osl (sub-01_task-RDR_run-2_meg); status: COMPLETED; exit: 0; error: -; workDir: /data/liaopan/datasets/SMN4Lang_single2/test_nx/work/ce/5ac3565d4669ead8f2c0cb4f5aab5a]
May-13 22:43:58.593 [Task submitter] DEBUG n.executor.local.LocalTaskHandler - Launch cmd line: /bin/bash -ue .command.run
May-13 22:43:58.594 [Task submitter] INFO  nextflow.Session - [27/dfce9a] Submitted process > detect_Artifacts (sub-01_task-RDR_run-2_meg_preproc-raw)
May-13 22:44:00.835 [Task monitor] DEBUG n.processor.TaskPollingMonitor - Task completed > TaskHandler[id: 2; name: meg_preproc_osl (sub-01_task-RDR_run-1_meg); status: COMPLETED; exit: 0; error: -; workDir: /data/liaopan/datasets/SMN4Lang_single2/test_nx/work/c1/e2bfa304c3cf9f68b1826352fe15b1]
May-13 22:44:00.878 [Task submitter] DEBUG n.executor.local.LocalTaskHandler - Launch cmd line: /bin/bash -ue .command.run
May-13 22:44:00.879 [Task submitter] INFO  nextflow.Session - [78/0caac4] Submitted process > detect_Artifacts (sub-01_task-RDR_run-1_meg_preproc-raw)
May-13 22:44:02.974 [Task monitor] DEBUG n.processor.TaskPollingMonitor - Task completed > TaskHandler[id: 4; name: detect_Artifacts (sub-01_task-RDR_run-2_meg_preproc-raw); status: COMPLETED; exit: 0; error: -; workDir: /data/liaopan/datasets/SMN4Lang_single2/test_nx/work/27/dfce9a726b2fdf11df6f999e881185]
May-13 22:44:03.140 [Task submitter] DEBUG n.executor.local.LocalTaskHandler - Launch cmd line: /bin/bash -ue .command.run
May-13 22:44:03.141 [Task submitter] INFO  nextflow.Session - [63/195bdb] Submitted process > run_ICA (sub-01_task-RDR_run-2_meg_preproc-raw)
May-13 22:44:04.554 [Task monitor] DEBUG n.processor.TaskPollingMonitor - Task completed > TaskHandler[id: 5; name: detect_Artifacts (sub-01_task-RDR_run-1_meg_preproc-raw); status: COMPLETED; exit: 0; error: -; workDir: /data/liaopan/datasets/SMN4Lang_single2/test_nx/work/78/0caac4c13342d11aa5b9ff11d50e9e]
May-13 22:44:04.607 [Task submitter] DEBUG n.executor.local.LocalTaskHandler - Launch cmd line: /bin/bash -ue .command.run
May-13 22:44:04.608 [Task submitter] INFO  nextflow.Session - [d2/317d05] Submitted process > run_ICA (sub-01_task-RDR_run-1_meg_preproc-raw)
