May-13 22:29:41.168 [main] DEBUG nextflow.cli.Launcher - $> nextflow run meg_anat_pipeline_for_docker.nf -c nextflow_for_smn4lang.config --steps report -preview
May-13 22:29:41.244 [main] DEBUG nextflow.cli.CmdRun - N E X T F L O W  ~  version 24.10.3
May-13 22:29:41.272 [main] DEBUG nextflow.plugin.PluginsFacade - Setting up plugin manager > mode=prod; embedded=false; plugins-dir=/home/liaopan/.nextflow/plugins; core-plugins: nf-amazon@2.9.2,nf-azure@1.10.2,nf-cloudcache@0.4.2,nf-codecommit@0.2.2,nf-console@1.1.4,nf-google@1.15.3,nf-tower@1.9.3,nf-wave@1.7.4
May-13 22:29:41.298 [main] INFO  o.pf4j.DefaultPluginStatusProvider - Enabled plugins: []
May-13 22:29:41.300 [main] INFO  o.pf4j.DefaultPluginStatusProvider - Disabled plugins: []
May-13 22:29:41.310 [main] INFO  org.pf4j.DefaultPluginManager - PF4J version 3.12.0 in 'deployment' mode
May-13 22:29:41.345 [main] INFO  org.pf4j.AbstractPluginManager - No plugins
May-13 22:29:41.398 [main] DEBUG nextflow.config.ConfigBuilder - Found config local: /data/liaopan/megprep/nextflow/nextflow.config
May-13 22:29:41.412 [main] DEBUG nextflow.config.ConfigBuilder - User config file: /data/liaopan/megprep/nextflow/nextflow_for_smn4lang.config
May-13 22:29:41.415 [main] DEBUG nextflow.config.ConfigBuilder - Parsing config file: /data/liaopan/megprep/nextflow/nextflow.config
May-13 22:29:41.416 [main] DEBUG nextflow.config.ConfigBuilder - Parsing config file: /data/liaopan/megprep/nextflow/nextflow_for_smn4lang.config
May-13 22:29:41.475 [main] DEBUG n.secret.LocalSecretsProvider - Secrets store: /home/liaopan/.nextflow/secrets/store.json
May-13 22:29:41.479 [main] DEBUG nextflow.secret.SecretsLoader - Discovered secrets providers: [nextflow.secret.LocalSecretsProvider@5e8a459] - activable => nextflow.secret.LocalSecretsProvider@5e8a459
May-13 22:29:41.498 [main] DEBUG nextflow.config.ConfigBuilder - Applying config profile: `standard`
May-13 22:29:42.181 [main] DEBUG nextflow.config.ConfigBuilder - Applying config profile: `standard`
May-13 22:29:42.656 [main] DEBUG nextflow.cli.CmdRun - Applied DSL=2 from script declaration
May-13 22:29:42.680 [main] DEBUG nextflow.cli.CmdRun - * PREVIEW * null [boring_snyder] DSL2 - revision: 1617f03a11
May-13 22:29:42.683 [main] DEBUG nextflow.plugin.PluginsFacade - Plugins default=[]
May-13 22:29:42.683 [main] DEBUG nextflow.plugin.PluginsFacade - Plugins resolved requirement=[]
May-13 22:29:42.742 [main] DEBUG nextflow.Session - Session UUID: ea0bc789-a2de-4106-8f93-3adac762e2cb
May-13 22:29:42.743 [main] DEBUG nextflow.Session - Run name: boring_snyder
May-13 22:29:42.743 [main] DEBUG nextflow.Session - Executor pool size: 80
May-13 22:29:42.752 [main] DEBUG nextflow.file.FilePorter - File porter settings maxRetries=3; maxTransfers=50; pollTimeout=null
May-13 22:29:42.759 [main] DEBUG nextflow.util.ThreadPoolBuilder - Creating thread pool 'FileTransfer' minSize=10; maxSize=240; workQueue=LinkedBlockingQueue[10000]; allowCoreThreadTimeout=false
May-13 22:29:42.788 [main] DEBUG nextflow.cli.CmdRun - 
  Version: 24.10.3 build 5933
  Created: 16-12-2024 15:34 UTC (23:34 CDT)
  System: Linux 3.10.0-1160.119.1.el7.x86_64
  Runtime: Groovy 4.0.23 on OpenJDK 64-Bit Server VM 17.0.10+7
  Encoding: UTF-8 (UTF-8)
  Process: 236598@localhost.localdomain [127.0.0.1]
  CPUs: 80 - Mem: 251.3 GB (29.4 GB) - Swap: 4 GB (4 KB)
May-13 22:29:42.856 [main] DEBUG nextflow.Session - Work-dir: /data/liaopan/datasets/SMN4Lang/test_nx/work [xfs]
May-13 22:29:42.858 [main] DEBUG nextflow.Session - Script base path does not exist or is not a directory: /data/liaopan/megprep/nextflow/bin
May-13 22:29:42.875 [main] DEBUG nextflow.executor.ExecutorFactory - Extension executors providers=[]
May-13 22:29:42.888 [main] DEBUG nextflow.Session - Observer factory: DefaultObserverFactory
May-13 22:29:42.918 [main] DEBUG nextflow.cache.CacheFactory - Using Nextflow cache factory: nextflow.cache.DefaultCacheFactory
May-13 22:29:42.929 [main] DEBUG nextflow.util.CustomThreadPool - Creating default thread pool > poolSize: 81; maxThreads: 1000
May-13 22:29:43.002 [main] DEBUG nextflow.Session - Session start
May-13 22:29:46.617 [main] DEBUG nextflow.script.ScriptRunner - > Launching execution
May-13 22:29:46.630 [main] INFO  nextflow.Nextflow - MEGPrep Anatomy and MEG Preprocessing Pipeline
May-13 22:29:46.631 [main] INFO  nextflow.Nextflow - =============================
May-13 22:29:46.631 [main] INFO  nextflow.Nextflow - 
May-13 22:29:46.632 [main] INFO  nextflow.Nextflow - Start time: 2026-05-13T22:29:42.898536791+08:00
May-13 22:29:46.632 [main] INFO  nextflow.Nextflow - 
May-13 22:29:46.684 [main] INFO  nextflow.Nextflow - Pipeline steps: primary=report, megStage=-1, runAnatomy=false, runMeg=false, skipIca=false
May-13 22:29:46.741 [main] INFO  nextflow.Nextflow - nextflow.config snapshot: /data/liaopan/megprep/nextflow/nextflow.config -> /data/liaopan/datasets/SMN4Lang/test_nx/preprocessed/logs/nextflow.config
May-13 22:29:46.742 [main] INFO  nextflow.Nextflow - nextflow.config snapshot: /data/liaopan/megprep/nextflow/nextflow_for_smn4lang.config -> /data/liaopan/datasets/SMN4Lang/test_nx/preprocessed/logs/nextflow_for_smn4lang.config
May-13 22:29:46.743 [main] INFO  nextflow.Nextflow - nextflow.config snapshot: /data/liaopan/megprep/nextflow/nextflow_for_smn4lang.config -> /data/liaopan/datasets/SMN4Lang/test_nx/preprocessed/logs/run_nextflow.config
May-13 22:29:46.819 [main] DEBUG nextflow.executor.ExecutorFactory - << taskConfig executor: local
May-13 22:29:46.820 [main] DEBUG nextflow.executor.ExecutorFactory - >> processorType: 'local'
May-13 22:29:46.826 [main] DEBUG nextflow.executor.Executor - [warm up] executor > local
May-13 22:29:46.834 [main] DEBUG n.processor.LocalPollingMonitor - Creating local task monitor for executor 'local' > cpus=80; memory=251.3 GB; capacity=20; pollInterval=100ms; dumpInterval=5m
May-13 22:29:46.836 [main] DEBUG n.processor.TaskPollingMonitor - >>> barrier register (monitor: local)
May-13 22:29:46.925 [main] DEBUG nextflow.Session - Workflow process names [dsl2]: forward_solution, run_freesurfer, detect_Artifacts, run_IC_label, run_mkheadsurf, generate_static_html_report, compute_covariance, source_imaging, generate_bem, coregistrations, run_ICA, run_deepprep, meg_preproc_osl, import_MRI_dataset, apply_ICA, read_nifti_files, dcm2niix, compute_covariances, epochs, coregistration, import_MEG_dataset
May-13 22:29:46.936 [main] DEBUG nextflow.script.ScriptRunner - Parsed script files:
  Script_b9132847d1556f30: /data/liaopan/megprep/nextflow/meg_anat_pipeline_for_docker.nf
May-13 22:29:46.957 [main] INFO  nextflow.Nextflow - Pipeline completed at: 2026-05-13T22:29:46.936980566+08:00
May-13 22:29:46.961 [main] INFO  nextflow.Nextflow - Execution status: OK
May-13 22:29:46.978 [main] INFO  nextflow.Nextflow - Execution duration: 4s
May-13 22:29:46.980 [Task monitor] DEBUG n.processor.TaskPollingMonitor - <<< barrier arrives (monitor: local) - terminating tasks monitor poll loop
May-13 22:29:46.997 [main] DEBUG n.trace.WorkflowStatsObserver - Workflow completed > WorkflowStats[succeededCount=0; failedCount=0; ignoredCount=0; cachedCount=0; pendingCount=0; submittedCount=0; runningCount=0; retriesCount=0; abortedCount=0; succeedDuration=0ms; failedDuration=0ms; cachedDuration=0ms;loadCpus=0; loadMemory=0; peakRunning=0; peakCpus=0; peakMemory=0; ]
May-13 22:29:47.095 [main] DEBUG nextflow.cache.CacheDB - Closing CacheDB done
May-13 22:29:47.118 [main] DEBUG nextflow.util.ThreadPoolManager - Thread pool 'FileTransfer' shutdown completed (hard=false)
May-13 22:29:47.118 [main] DEBUG nextflow.script.ScriptRunner - > Execution complete -- Goodbye
